<?xml version="1.0" encoding="UTF-8"?>
<!-- Generated by org.testng.reporters.JUnitReportReporter -->
<testsuite hostname="LAPTOP-DHN2T99P" failures="0" tests="1" name="Test1" time="15.801" errors="0" timestamp="31 Jan 2024 06:01:51 GMT">
  <testcase classname="Test1" name="testEasy" time="15.801"/>
</testsuite> <!-- Test1 -->
